Using pre-set license
Built from '2020.3/staging' branch; Version is '2020.3.13f1 (71691879b7f5) revision 7432472'; Using compiler version '192528614'; Build Type 'Release'
OS: 'Windows 10 Home; OS build 19042.1110; Version 2009; 64bit' Language: 'ja' Physical Memory: 7542 MB
BatchMode: 1, IsHumanControllingUs: 0, StartBugReporterOnCrash: 0, Is64bit: 1, IsPro: 0

 COMMAND LINE ARGUMENTS:
C:\Program Files\2020.3.13f1\Editor\Unity.exe
-adb2
-batchMode
-noUpm
-name
AssetImportWorker0
-projectPath
C:/Users/shuny/StepAsideUnityChan
-logFile
Logs/AssetImportWorker0.log
-srvPort
61718
Successfully changed project path to: C:/Users/shuny/StepAsideUnityChan
C:/Users/shuny/StepAsideUnityChan
Using Asset Import Pipeline V2.
Refreshing native plugins compatible for Editor in 29.96 ms, found 2 plugins.
Preloading 0 native plugins for Editor in 0.00 ms.
Initialize engine version: 2020.3.13f1 (71691879b7f5)
[Subsystems] Discovering subsystems at path C:/Program Files/2020.3.13f1/Editor/Data/Resources/UnitySubsystems
[Subsystems] Discovering subsystems at path C:/Users/shuny/StepAsideUnityChan/Assets
GfxDevice: creating device client; threaded=0
Direct3D:
    Version:  Direct3D 11.0 [level 11.1]
    Renderer: AMD Radeon(TM) Graphics (ID=0x1636)
    Vendor:   
    VRAM:     3771 MB
    Driver:   27.20.11028.10001
Initialize mono
Mono path[0] = 'C:/Program Files/2020.3.13f1/Editor/Data/Managed'
Mono path[1] = 'C:/Program Files/2020.3.13f1/Editor/Data/MonoBleedingEdge/lib/mono/unityjit'
Mono config path = 'C:/Program Files/2020.3.13f1/Editor/Data/MonoBleedingEdge/etc'
Using monoOptions --debugger-agent=transport=dt_socket,embedding=1,server=y,suspend=n,address=127.0.0.1:56340
Begin MonoManager ReloadAssembly
Registering precompiled unity dll's ...
Register platform support module: C:/Program Files/2020.3.13f1/Editor/Data/PlaybackEngines/WebGLSupport/UnityEditor.WebGL.Extensions.dll
Register platform support module: C:/Program Files/2020.3.13f1/Editor/Data/PlaybackEngines/WindowsStandaloneSupport/UnityEditor.WindowsStandalone.Extensions.dll
Registered in 0.003951 seconds.
Native extension for WindowsStandalone target not found
Native extension for WebGL target not found
Refreshing native plugins compatible for Editor in 27.81 ms, found 2 plugins.
Preloading 0 native plugins for Editor in 0.00 ms.
Mono: successfully reloaded assembly
- Completed reload, in  4.252 seconds
Platform modules already initialized, skipping
Registering precompiled user dll's ...
Registered in 0.009815 seconds.
Begin MonoManager ReloadAssembly
Native extension for WindowsStandalone target not found
Native extension for WebGL target not found
Refreshing native plugins compatible for Editor in 0.34 ms, found 2 plugins.
Preloading 0 native plugins for Editor in 0.00 ms.
Mono: successfully reloaded assembly
- Completed reload, in  0.989 seconds
Platform modules already initialized, skipping
========================================================================
Worker process is ready to serve import requests
Launched and connected shader compiler UnityShaderCompiler.exe after 0.07 seconds
Refreshing native plugins compatible for Editor in 0.31 ms, found 2 plugins.
Preloading 0 native plugins for Editor in 0.00 ms.
Unloading 1391 Unused Serialized files (Serialized files now loaded: 0)
System memory in use before: 64.8 MB.
System memory in use after: 64.8 MB.

Unloading 19 unused Assets to reduce memory usage. Loaded Objects now: 1823.
Total: 2.864900 ms (FindLiveObjects: 0.165600 ms CreateObjectMapping: 0.033300 ms MarkObjects: 2.573400 ms  DeleteObjects: 0.090800 ms)

AssetImportParameters requested are different than current active one (requested -> active):
  custom:framework-win-MediaFoundation: 216162199b28c13a410421893ffa2e32 -> 
  custom:video-decoder-ogg-theora: a1e56fd34408186e4bbccfd4996cb3dc -> 
  custom:container-muxer-webm: aa71ff27fc2769a1b78a27578f13a17b -> 
  custom:container-demuxer-webm: 4f35f7cbe854078d1ac9338744f61a02 -> 
  custom:container-demuxer-ogg: 62fdf1f143b41e24485cea50d1cbac27 -> 
  custom:video-encoder-webm-vp8: eb34c28f22e8b96e1ab97ce403110664 -> 
  custom:video-codec-MediaFoundation-h265: 746d11721c4dcdbdad8f713fa42b33f4 -> 
  custom:video-decoder-webm-vp8: 9c59270c3fd7afecdb556c50c9e8de78 -> 
  custom:audio-decoder-ogg-vorbis: bf7c407c2cedff20999df2af8eb42d56 -> 
  custom:audio-encoder-webm-vorbis: bf7c407c2cedff20999df2af8eb42d56 -> 
========================================================================
Received Import Request.
  path: Assets/Moon.png
  artifactKey: Guid(dc17f538566a52846ba18531c4a24915) Importer(815301076,1909f56bfc062723c751e8b465ee728b)
Start importing Assets/Moon.png using Guid(dc17f538566a52846ba18531c4a24915) Importer(815301076,1909f56bfc062723c751e8b465ee728b)  -> (artifact id: '2ecf399f64437647302fef652cd4f6f1') in 0.121596 seconds 
  Import took 0.125069 seconds .

========================================================================
Received Import Request.
  Time since last request: 0.000320 seconds.
  path: Assets/SmallCloud.fbx
  artifactKey: Guid(fb4a70e4c1413b448b56c458530f907e) Importer(815301076,1909f56bfc062723c751e8b465ee728b)
Start importing Assets/SmallCloud.fbx using Guid(fb4a70e4c1413b448b56c458530f907e) Importer(815301076,1909f56bfc062723c751e8b465ee728b)  -> (artifact id: '083e767d18b889ff2d200c4d13abe41a') in 0.258019 seconds 
  Import took 0.260123 seconds .

========================================================================
Received Import Request.
  Time since last request: 0.000273 seconds.
  path: Assets/LargeStar.fbx
  artifactKey: Guid(04518805c3136dd4a8ef3d74de3f7153) Importer(815301076,1909f56bfc062723c751e8b465ee728b)
Start importing Assets/LargeStar.fbx using Guid(04518805c3136dd4a8ef3d74de3f7153) Importer(815301076,1909f56bfc062723c751e8b465ee728b)  -> (artifact id: '023e96d86bdaaad6b827b6d91d623dc9') in 0.017229 seconds 
  Import took 0.019448 seconds .

========================================================================
Received Import Request.
  Time since last request: 0.000305 seconds.
  path: Assets/LargeCloud.fbx
  artifactKey: Guid(580dd14a863f46b46a7a4fe3d1a8a94f) Importer(815301076,1909f56bfc062723c751e8b465ee728b)
Start importing Assets/LargeCloud.fbx using Guid(580dd14a863f46b46a7a4fe3d1a8a94f) Importer(815301076,1909f56bfc062723c751e8b465ee728b)  -> (artifact id: 'ffdab7c3d7714841fb7054a4ada8e17e') in 0.015338 seconds 
  Import took 0.018180 seconds .

========================================================================
Received Import Request.
  Time since last request: 0.000263 seconds.
  path: Assets/LeftFripper.fbx
  artifactKey: Guid(51c77527c723de84893a213a39a69168) Importer(815301076,1909f56bfc062723c751e8b465ee728b)
Start importing Assets/LeftFripper.fbx using Guid(51c77527c723de84893a213a39a69168) Importer(815301076,1909f56bfc062723c751e8b465ee728b)  -> (artifact id: 'a042596a1ea0cc0de8eacf55fff8756e') in 0.014873 seconds 
  Import took 0.017471 seconds .

========================================================================
Received Import Request.
  Time since last request: 0.000296 seconds.
  path: Assets/Mask.png
  artifactKey: Guid(645e86097d565e74c83c00f52c25a024) Importer(815301076,1909f56bfc062723c751e8b465ee728b)
Start importing Assets/Mask.png using Guid(645e86097d565e74c83c00f52c25a024) Importer(815301076,1909f56bfc062723c751e8b465ee728b)  -> (artifact id: 'c523df23cc1b026708b333190f17f9f9') in 0.011885 seconds 
  Import took 0.014039 seconds .

========================================================================
Received Import Request.
  Time since last request: 0.000287 seconds.
  path: Assets/RightFripper.fbx
  artifactKey: Guid(65e99cee87e3320498d24f4483e301da) Importer(815301076,1909f56bfc062723c751e8b465ee728b)
Start importing Assets/RightFripper.fbx using Guid(65e99cee87e3320498d24f4483e301da) Importer(815301076,1909f56bfc062723c751e8b465ee728b)  -> (artifact id: '76c5017598ef99c0ab9f0f54fcde1188') in 0.016811 seconds 
  Import took 0.018999 seconds .

========================================================================
Received Import Request.
  Time since last request: 757.510019 seconds.
  path: Assets/Scenes
  artifactKey: Guid(85be17decbe7e4d4fb8b6992bd3b7b28) Importer(815301076,1909f56bfc062723c751e8b465ee728b)
Start importing Assets/Scenes using Guid(85be17decbe7e4d4fb8b6992bd3b7b28) Importer(815301076,1909f56bfc062723c751e8b465ee728b)  -> (artifact id: '1d5f19260952f19907f9d62bc0ebf525') in 0.003220 seconds 
  Import took 0.006884 seconds .

========================================================================
Received Import Request.
  Time since last request: 0.011833 seconds.
  path: Assets/Scenes
  artifactKey: Guid(85be17decbe7e4d4fb8b6992bd3b7b28) Importer(815301076,1909f56bfc062723c751e8b465ee728b)
Start importing Assets/Scenes using Guid(85be17decbe7e4d4fb8b6992bd3b7b28) Importer(815301076,1909f56bfc062723c751e8b465ee728b)  -> (artifact id: '1d5f19260952f19907f9d62bc0ebf525') in 0.003634 seconds 
  Import took 0.007031 seconds .

AssetImportWorkerClient::OnTransportError - code=2 error=End of file
